2023.02.15 12:55:03 INFO  tracing is disabled for protocol LSP, to enable tracing of incoming and outgoing JSON messages create an empty file at /home/kpi/improvement-proposals/.metals/lsp.trace.json or /home/kpi/.cache/metals/lsp.trace.json
2023.02.15 12:55:04 INFO  logging to file /home/kpi/improvement-proposals/.metals/metals.log
2023.02.15 12:55:04 INFO  Started: Metals version 0.11.10 in workspace '/home/kpi/improvement-proposals' for client Visual Studio Code 1.75.1.
SLF4J: No SLF4J providers were found.
SLF4J: Defaulting to no-operation (NOP) logger implementation
SLF4J: See https://www.slf4j.org/codes.html#noProviders for further details.
SLF4J: Class path contains SLF4J bindings targeting slf4j-api versions 1.7.x or earlier.
SLF4J: Ignoring binding found at [jar:file:/home/kpi/.cache/coursier/v1/https/repo1.maven.org/maven2/com/outr/scribe-slf4j_2.13/3.10.5/scribe-slf4j_2.13-3.10.5.jar!/org/slf4j/impl/StaticLoggerBinder.class]
SLF4J: See https://www.slf4j.org/codes.html#ignoredBindings for an explanation.
2023.02.15 12:55:05 INFO  time: initialize in 1.1s
2023.02.15 12:55:06 WARN  Build server is not auto-connectable.
2023.02.15 12:55:06 WARN  no build tool detected in workspace '/home/kpi/improvement-proposals'. The most common cause for this problem is that the editor was opened in the wrong working directory, for example if you use sbt then the workspace directory should contain build.sbt. 
2023.02.15 12:55:06 WARN  no build target for: /home/kpi/improvement-proposals/fors.scala
2023.02.15 12:55:06 WARN  no build target for: /home/kpi/improvement-proposals/fortest.scala
Feb 15, 2023 12:55:06 PM org.eclipse.lsp4j.jsonrpc.RemoteEndpoint handleCancellation
WARNING: Unmatched cancel notification for request id 1
2023.02.15 12:55:09 INFO  no build target found for /home/kpi/improvement-proposals/fortest.scala. Using presentation compiler with project's scala-library version: 3.2.1
2023.02.15 12:55:10 INFO  time: code lens generation in 3.75s
2023.02.15 12:55:10 INFO  time: code lens generation in 3.83s
2023.02.15 13:26:34 WARN  no build target for: /home/kpi/improvement-proposals/fors.scala
2023.02.15 13:26:34 WARN  no build target for: /home/kpi/improvement-proposals/fors.scala
2023.02.15 13:31:13 INFO  shutting down Metals
2023.02.22 14:03:21 INFO  tracing is disabled for protocol LSP, to enable tracing of incoming and outgoing JSON messages create an empty file at /home/kpi/improvement-proposals/.metals/lsp.trace.json or /home/kpi/.cache/metals/lsp.trace.json
2023.02.22 14:03:22 INFO  logging to file /home/kpi/improvement-proposals/.metals/metals.log
2023.02.22 14:03:22 INFO  Started: Metals version 0.11.10 in workspace '/home/kpi/improvement-proposals' for client Visual Studio Code 1.75.1.
SLF4J: No SLF4J providers were found.
SLF4J: Defaulting to no-operation (NOP) logger implementation
SLF4J: See https://www.slf4j.org/codes.html#noProviders for further details.
SLF4J: Class path contains SLF4J bindings targeting slf4j-api versions 1.7.x or earlier.
SLF4J: Ignoring binding found at [jar:file:/home/kpi/.cache/coursier/v1/https/repo1.maven.org/maven2/com/outr/scribe-slf4j_2.13/3.10.5/scribe-slf4j_2.13-3.10.5.jar!/org/slf4j/impl/StaticLoggerBinder.class]
SLF4J: See https://www.slf4j.org/codes.html#ignoredBindings for an explanation.
2023.02.22 14:03:23 INFO  time: initialize in 0.94s
2023.02.22 14:03:24 WARN  Build server is not auto-connectable.
2023.02.22 14:03:24 WARN  no build tool detected in workspace '/home/kpi/improvement-proposals'. The most common cause for this problem is that the editor was opened in the wrong working directory, for example if you use sbt then the workspace directory should contain build.sbt. 
2023.02.22 14:03:24 WARN  no build target for: /home/kpi/improvement-proposals/fortest.scala
2023.02.22 14:03:26 INFO  no build target found for /home/kpi/improvement-proposals/fortest.scala. Using presentation compiler with project's scala-library version: 3.2.1
2023.05.24 11:09:47 INFO  Started: Metals version 0.11.12 in workspace '/home/kpi/improvement-proposals' for client Visual Studio Code 1.78.2.
May 24, 2023 11:09:47 AM org.flywaydb.core.internal.license.VersionPrinter printVersionOnly
INFO: Flyway Community Edition 9.16.3 by Redgate
May 24, 2023 11:09:47 AM org.flywaydb.core.internal.license.VersionPrinter printVersion
INFO: See release notes here: https://rd.gt/416ObMi
May 24, 2023 11:09:47 AM org.flywaydb.core.internal.license.VersionPrinter printVersion
INFO: 
May 24, 2023 11:09:50 AM org.flywaydb.core.internal.database.base.BaseDatabaseType createDatabase
INFO: Database: jdbc:h2:file:/home/kpi/improvement-proposals/.metals/metals (H2 2.1)
May 24, 2023 11:09:50 AM org.flywaydb.core.internal.command.DbValidate validate
INFO: Successfully validated 4 migrations (execution time 00:00.017s)
May 24, 2023 11:09:50 AM org.flywaydb.core.internal.command.DbMigrate migrateGroup
INFO: Current version of schema "PUBLIC": 4
May 24, 2023 11:09:50 AM org.flywaydb.core.internal.command.DbMigrate logSummary
INFO: Schema "PUBLIC" is up to date. No migration necessary.
2023.05.24 11:09:50 INFO  time: initialize in 3.65s
2023.05.24 11:09:51 WARN  Build server is not auto-connectable.
2023.05.24 11:09:51 WARN  no build tool detected in workspace '/home/kpi/improvement-proposals'. The most common cause for this problem is that the editor was opened in the wrong working directory, for example if you use sbt then the workspace directory should contain build.sbt. 
May 24, 2023 11:09:51 AM org.eclipse.lsp4j.jsonrpc.RemoteEndpoint handleCancellation
WARNING: Unmatched cancel notification for request id 1
2023.05.24 11:09:51 WARN  no build target for: /home/kpi/improvement-proposals/fors.scala
2023.05.24 11:09:51 WARN  no build target for: /home/kpi/improvement-proposals/fortest.scala
2023.05.24 11:09:53 INFO  no build target found for /home/kpi/improvement-proposals/fortest.scala. Using presentation compiler with project's scala-library version: 3.2.2
May 24, 2023 11:09:53 AM org.eclipse.lsp4j.jsonrpc.RemoteEndpoint handleCancellation
WARNING: Unmatched cancel notification for request id 6
2023.05.24 11:09:55 INFO  time: code lens generation in 3.13s
2023.05.24 11:09:55 INFO  time: code lens generation in 1.11s
2023.05.24 11:09:55 INFO  time: code lens generation in 1.4s
